0 2026-04-15 01:15:45  0.0  0.0  1672
1 2026-04-15 01:15:46  0.0  0.0  1672
2 2026-04-15 01:15:47  0.0  0.0  1672
3 2026-04-15 01:15:48  0.0  0.0  1672
4 2026-04-15 01:15:49  0.0  0.0  1672
5 2026-04-15 01:15:50  0.0  0.0  1672
6 2026-04-15 01:15:51  0.0  0.0  1672
7 2026-04-15 01:15:52  0.0  0.0  1672
8 2026-04-15 01:15:53  0.0  0.0  1672
9 2026-04-15 01:15:54  0.0  0.0  1672
10 2026-04-15 01:15:55  0.0  0.0  1672
11 2026-04-15 01:15:56  0.0  0.0  1672
12 2026-04-15 01:15:57  0.0  0.0  1672
13 2026-04-15 01:15:58  0.0  0.0  1672
14 2026-04-15 01:15:59  0.0  0.0  1672
15 2026-04-15 01:16:00  0.0  0.0  1672
17 2026-04-15 01:16:01  0.0  0.0  1672
18 2026-04-15 01:16:03  0.0  0.0  1672
19 2026-04-15 01:16:04  0.0  0.0  1672
20 2026-04-15 01:16:05  0.0  0.0  1672
