0 2026-04-15 00:38:58  0.0  0.0  1680
1 2026-04-15 00:38:59  0.0  0.0  1680
2 2026-04-15 00:39:00  0.0  0.0  1680
3 2026-04-15 00:39:01  0.0  0.0  1680
4 2026-04-15 00:39:02  0.0  0.0  1680
5 2026-04-15 00:39:03  0.0  0.0  1680
6 2026-04-15 00:39:04  0.0  0.0  1680
7 2026-04-15 00:39:05  0.0  0.0  1680
8 2026-04-15 00:39:06  0.0  0.0  1680
9 2026-04-15 00:39:07  0.0  0.0  1680
10 2026-04-15 00:39:08  0.0  0.0  1680
11 2026-04-15 00:39:09  0.0  0.0  1680
12 2026-04-15 00:39:10  0.0  0.0  1680
13 2026-04-15 00:39:11  0.0  0.0  1680
14 2026-04-15 00:39:12  0.0  0.0  1680
15 2026-04-15 00:39:13  0.0  0.0  1680
16 2026-04-15 00:39:14  0.0  0.0  1680
18 2026-04-15 00:39:16  0.0  0.0  1680
19 2026-04-15 00:39:17  0.0  0.0  1680
20 2026-04-15 00:39:18  0.0  0.0  1680
