0 2026-04-15 01:10:46  0.0  0.0  1636
1 2026-04-15 01:10:47  0.0  0.0  1636
2 2026-04-15 01:10:48  0.0  0.0  1636
3 2026-04-15 01:10:49  0.0  0.0  1636
4 2026-04-15 01:10:50  0.0  0.0  1636
5 2026-04-15 01:10:51  0.0  0.0  1636
6 2026-04-15 01:10:52  0.0  0.0  1636
7 2026-04-15 01:10:53  0.0  0.0  1636
8 2026-04-15 01:10:54  0.0  0.0  1636
9 2026-04-15 01:10:55  0.0  0.0  1636
10 2026-04-15 01:10:56  0.0  0.0  1636
11 2026-04-15 01:10:57  0.0  0.0  1636
12 2026-04-15 01:10:58  0.0  0.0  1636
13 2026-04-15 01:10:59  0.0  0.0  1636
14 2026-04-15 01:11:00  0.0  0.0  1636
15 2026-04-15 01:11:01  0.0  0.0  1636
16 2026-04-15 01:11:02  0.0  0.0  1636
17 2026-04-15 01:11:03  0.0  0.0  1636
18 2026-04-15 01:11:04  0.0  0.0  1636
19 2026-04-15 01:11:05  0.0  0.0  1636
