0 2026-04-15 01:03:22  0.0  0.0  1652
1 2026-04-15 01:03:23  0.0  0.0  1652
2 2026-04-15 01:03:24  0.0  0.0  1652
3 2026-04-15 01:03:25  0.0  0.0  1652
4 2026-04-15 01:03:26  0.0  0.0  1652
5 2026-04-15 01:03:27  0.0  0.0  1652
6 2026-04-15 01:03:28  0.0  0.0  1652
7 2026-04-15 01:03:29  0.0  0.0  1652
9 2026-04-15 01:03:30  0.0  0.0  1652
10 2026-04-15 01:03:32  0.0  0.0  1652
11 2026-04-15 01:03:33  0.0  0.0  1652
12 2026-04-15 01:03:34  0.0  0.0  1652
13 2026-04-15 01:03:35  0.0  0.0  1652
14 2026-04-15 01:03:36  0.0  0.0  1652
15 2026-04-15 01:03:37  0.0  0.0  1652
16 2026-04-15 01:03:38  0.0  0.0  1652
17 2026-04-15 01:03:39  0.0  0.0  1652
18 2026-04-15 01:03:40  0.0  0.0  1652
19 2026-04-15 01:03:41  0.0  0.0  1652
20 2026-04-15 01:03:42  0.0  0.0  1652
