0 2026-04-15 00:49:58  0.0  0.0  1636
1 2026-04-15 00:49:59  0.0  0.0  1636
2 2026-04-15 00:50:00  0.0  0.0  1636
3 2026-04-15 00:50:01  0.0  0.0  1636
4 2026-04-15 00:50:02  0.0  0.0  1636
5 2026-04-15 00:50:03  0.0  0.0  1636
6 2026-04-15 00:50:04  0.0  0.0  1636
7 2026-04-15 00:50:05  0.0  0.0  1636
8 2026-04-15 00:50:06  0.0  0.0  1636
9 2026-04-15 00:50:07  0.0  0.0  1636
10 2026-04-15 00:50:08  0.0  0.0  1636
11 2026-04-15 00:50:09  0.0  0.0  1636
12 2026-04-15 00:50:10  0.0  0.0  1636
13 2026-04-15 00:50:11  0.0  0.0  1636
14 2026-04-15 00:50:12  0.0  0.0  1636
15 2026-04-15 00:50:13  0.0  0.0  1636
16 2026-04-15 00:50:14  0.0  0.0  1636
17 2026-04-15 00:50:15  0.0  0.0  1636
18 2026-04-15 00:50:16  0.0  0.0  1636
19 2026-04-15 00:50:17  0.0  0.0  1636
