0 2026-04-15 01:31:00  0.0  0.0  1668
1 2026-04-15 01:31:01  0.0  0.0  1668
2 2026-04-15 01:31:02  0.0  0.0  1668
3 2026-04-15 01:31:03  0.0  0.0  1668
4 2026-04-15 01:31:04  0.0  0.0  1668
5 2026-04-15 01:31:05  0.0  0.0  1668
6 2026-04-15 01:31:06  0.0  0.0  1668
7 2026-04-15 01:31:07  0.0  0.0  1668
8 2026-04-15 01:31:08  0.0  0.0  1668
9 2026-04-15 01:31:09  0.0  0.0  1668
10 2026-04-15 01:31:10  0.0  0.0  1668
11 2026-04-15 01:31:11  0.0  0.0  1668
12 2026-04-15 01:31:12  0.0  0.0  1668
13 2026-04-15 01:31:13  0.0  0.0  1668
14 2026-04-15 01:31:14  0.0  0.0  1668
15 2026-04-15 01:31:15  0.0  0.0  1668
16 2026-04-15 01:31:16  0.0  0.0  1668
17 2026-04-15 01:31:17  0.0  0.0  1668
18 2026-04-15 01:31:18  0.0  0.0  1668
19 2026-04-15 01:31:19  0.0  0.0  1668
20 2026-04-15 01:31:20  0.0  0.0  1668
21 2026-04-15 01:31:21  0.0  0.0  1668
22 2026-04-15 01:31:22  0.0  0.0  1668
23 2026-04-15 01:31:23  0.0  0.0  1668
24 2026-04-15 01:31:24  0.0  0.0  1668
25 2026-04-15 01:31:25  0.0  0.0  1668
26 2026-04-15 01:31:26  0.0  0.0  1668
27 2026-04-15 01:31:27  0.0  0.0  1668
28 2026-04-15 01:31:28  0.0  0.0  1668
29 2026-04-15 01:31:29  0.0  0.0  1668
30 2026-04-15 01:31:30  0.0  0.0  1668
31 2026-04-15 01:31:31  0.0  0.0  1668
32 2026-04-15 01:31:32  0.0  0.0  1668
33 2026-04-15 01:31:33  0.0  0.0  1668
34 2026-04-15 01:31:34  0.0  0.0  1668
35 2026-04-15 01:31:35  0.0  0.0  1668
36 2026-04-15 01:31:36  0.0  0.0  1668
37 2026-04-15 01:31:37  0.0  0.0  1668
39 2026-04-15 01:31:38  0.0  0.0  1668
40 2026-04-15 01:31:40  0.0  0.0  1668
41 2026-04-15 01:31:41  0.0  0.0  1668
42 2026-04-15 01:31:42  0.0  0.0  1668
43 2026-04-15 01:31:43  0.0  0.0  1668
44 2026-04-15 01:31:44  0.0  0.0  1668
45 2026-04-15 01:31:45  0.0  0.0  1668
46 2026-04-15 01:31:46  0.0  0.0  1668
47 2026-04-15 01:31:47  0.0  0.0  1668
48 2026-04-15 01:31:48  0.0  0.0  1668
49 2026-04-15 01:31:49  0.0  0.0  1668
50 2026-04-15 01:31:50  0.0  0.0  1668
51 2026-04-15 01:31:51  0.0  0.0  1668
52 2026-04-15 01:31:52  0.0  0.0  1668
53 2026-04-15 01:31:53  0.0  0.0  1668
54 2026-04-15 01:31:54  0.0  0.0  1668
55 2026-04-15 01:31:55  0.0  0.0  1668
56 2026-04-15 01:31:56  0.0  0.0  1668
57 2026-04-15 01:31:57  0.0  0.0  1668
58 2026-04-15 01:31:58  0.0  0.0  1668
59 2026-04-15 01:31:59  0.0  0.0  1668
60 2026-04-15 01:32:00  0.0  0.0  1668
61 2026-04-15 01:32:01  0.0  0.0  1668
62 2026-04-15 01:32:02  0.0  0.0  1668
63 2026-04-15 01:32:03  0.0  0.0  1668
64 2026-04-15 01:32:04  0.0  0.0  1668
65 2026-04-15 01:32:05  0.0  0.0  1668
66 2026-04-15 01:32:06  0.0  0.0  1668
67 2026-04-15 01:32:07  0.0  0.0  1668
68 2026-04-15 01:32:08  0.0  0.0  1668
69 2026-04-15 01:32:09  0.0  0.0  1668
70 2026-04-15 01:32:10  0.0  0.0  1668
71 2026-04-15 01:32:11  0.0  0.0  1668
72 2026-04-15 01:32:12  0.0  0.0  1668
73 2026-04-15 01:32:13  0.0  0.0  1668
74 2026-04-15 01:32:14  0.0  0.0  1668
75 2026-04-15 01:32:15  0.0  0.0  1668
76 2026-04-15 01:32:16  0.0  0.0  1668
77 2026-04-15 01:32:17  0.0  0.0  1668
78 2026-04-15 01:32:18  0.0  0.0  1668
79 2026-04-15 01:32:19  0.0  0.0  1668
80 2026-04-15 01:32:20  0.0  0.0  1668
81 2026-04-15 01:32:21  0.0  0.0  1668
82 2026-04-15 01:32:22  0.0  0.0  1668
84 2026-04-15 01:32:24  0.0  0.0  1668
85 2026-04-15 01:32:25  0.0  0.0  1668
86 2026-04-15 01:32:26  0.0  0.0  1668
87 2026-04-15 01:32:27  0.0  0.0  1668
88 2026-04-15 01:32:28  0.0  0.0  1668
89 2026-04-15 01:32:29  0.0  0.0  1668
90 2026-04-15 01:32:30  0.0  0.0  1668
91 2026-04-15 01:32:31  0.0  0.0  1668
92 2026-04-15 01:32:32  0.0  0.0  1668
93 2026-04-15 01:32:33  0.0  0.0  1668
94 2026-04-15 01:32:34  0.0  0.0  1668
95 2026-04-15 01:32:35  0.0  0.0  1668
96 2026-04-15 01:32:36  0.0  0.0  1668
97 2026-04-15 01:32:37  0.0  0.0  1668
98 2026-04-15 01:32:38  0.0  0.0  1668
99 2026-04-15 01:32:39  0.0  0.0  1668
100 2026-04-15 01:32:40  0.0  0.0  1668
101 2026-04-15 01:32:41  0.0  0.0  1668
102 2026-04-15 01:32:42  0.0  0.0  1668
103 2026-04-15 01:32:43  0.0  0.0  1668
104 2026-04-15 01:32:44  0.0  0.0  1668
105 2026-04-15 01:32:45  0.0  0.0  1668
106 2026-04-15 01:32:46  0.0  0.0  1668
107 2026-04-15 01:32:47  0.0  0.0  1668
109 2026-04-15 01:32:49  0.0  0.0  1668
111 2026-04-15 01:32:51  0.0  0.0  1668
112 2026-04-15 01:32:52  0.0  0.0  1668
113 2026-04-15 01:32:53  0.0  0.0  1668
114 2026-04-15 01:32:54  0.0  0.0  1668
115 2026-04-15 01:32:55  0.0  0.0  1668
116 2026-04-15 01:32:56  0.0  0.0  1668
118 2026-04-15 01:32:58  0.0  0.0  1668
119 2026-04-15 01:32:59  0.0  0.0  1668
121 2026-04-15 01:33:01  0.0  0.0  1668
123 2026-04-15 01:33:03  0.0  0.0  1668
125 2026-04-15 01:33:05  0.0  0.0  1668
127 2026-04-15 01:33:07  0.0  0.0  1668
129 2026-04-15 01:33:09  0.0  0.0  1668
131 2026-04-15 01:33:11  0.0  0.0  1668
133 2026-04-15 01:33:13  0.0  0.0  1668
134 2026-04-15 01:33:14  0.0  0.0  1668
136 2026-04-15 01:33:16  0.0  0.0  1668
138 2026-04-15 01:33:18  0.0  0.0  1668
140 2026-04-15 01:33:20  0.0  0.0  1668
142 2026-04-15 01:33:22  0.0  0.0  1668
144 2026-04-15 01:33:24  0.0  0.0  1668
145 2026-04-15 01:33:25  0.0  0.0  1668
147 2026-04-15 01:33:27  0.0  0.0  1668
149 2026-04-15 01:33:29  0.0  0.0  1668
151 2026-04-15 01:33:31  0.0  0.0  1668
153 2026-04-15 01:33:33  0.0  0.0  1668
155 2026-04-15 01:33:35  0.0  0.0  1668
157 2026-04-15 01:33:37  0.0  0.0  1668
159 2026-04-15 01:33:39  0.0  0.0  1668
161 2026-04-15 01:33:41  0.0  0.0  1668
163 2026-04-15 01:33:43  0.0  0.0  1668
165 2026-04-15 01:33:45  0.0  0.0  1668
167 2026-04-15 01:33:47  0.0  0.0  1668
169 2026-04-15 01:33:49  0.0  0.0  1668
170 2026-04-15 01:33:50  0.0  0.0  1668
172 2026-04-15 01:33:52  0.0  0.0  1668
174 2026-04-15 01:33:54  0.0  0.0  1668
176 2026-04-15 01:33:56  0.0  0.0  1668
178 2026-04-15 01:33:58  0.0  0.0  1668
180 2026-04-15 01:34:00  0.0  0.0  1668
181 2026-04-15 01:34:01  0.0  0.0  1668
182 2026-04-15 01:34:02  0.0  0.0  1668
183 2026-04-15 01:34:03  0.0  0.0  1668
184 2026-04-15 01:34:04  0.0  0.0  1668
185 2026-04-15 01:34:05  0.0  0.0  1668
186 2026-04-15 01:34:06  0.0  0.0  1668
187 2026-04-15 01:34:07  0.0  0.0  1668
188 2026-04-15 01:34:08  0.0  0.0  1668
189 2026-04-15 01:34:09  0.0  0.0  1668
190 2026-04-15 01:34:10  0.0  0.0  1668
191 2026-04-15 01:34:11  0.0  0.0  1668
192 2026-04-15 01:34:12  0.0  0.0  1668
193 2026-04-15 01:34:13  0.0  0.0  1668
194 2026-04-15 01:34:14  0.0  0.0  1668
195 2026-04-15 01:34:15  0.0  0.0  1668
196 2026-04-15 01:34:16  0.0  0.0  1668
197 2026-04-15 01:34:17  0.0  0.0  1668
198 2026-04-15 01:34:18  0.0  0.0  1668
199 2026-04-15 01:34:19  0.0  0.0  1668
200 2026-04-15 01:34:20  0.0  0.0  1668
202 2026-04-15 01:34:21  0.0  0.0  1668
203 2026-04-15 01:34:23  0.0  0.0  1668
204 2026-04-15 01:34:24  0.0  0.0  1668
205 2026-04-15 01:34:25  0.0  0.0  1668
206 2026-04-15 01:34:26  0.0  0.0  1668
207 2026-04-15 01:34:27  0.0  0.0  1668
208 2026-04-15 01:34:28  0.0  0.0  1668
209 2026-04-15 01:34:29  0.0  0.0  1668
210 2026-04-15 01:34:30  0.0  0.0  1668
211 2026-04-15 01:34:31  0.0  0.0  1668
212 2026-04-15 01:34:32  0.0  0.0  1668
213 2026-04-15 01:34:33  0.0  0.0  1668
214 2026-04-15 01:34:34  0.0  0.0  1668
215 2026-04-15 01:34:35  0.0  0.0  1668
216 2026-04-15 01:34:36  0.0  0.0  1668
217 2026-04-15 01:34:37  0.0  0.0  1668
218 2026-04-15 01:34:38  0.0  0.0  1668
219 2026-04-15 01:34:39  0.0  0.0  1668
220 2026-04-15 01:34:40  0.0  0.0  1668
221 2026-04-15 01:34:41  0.0  0.0  1668
222 2026-04-15 01:34:42  0.0  0.0  1668
223 2026-04-15 01:34:43  0.0  0.0  1668
224 2026-04-15 01:34:44  0.0  0.0  1668
225 2026-04-15 01:34:45  0.0  0.0  1668
226 2026-04-15 01:34:46  0.0  0.0  1668
227 2026-04-15 01:34:47  0.0  0.0  1668
228 2026-04-15 01:34:48  0.0  0.0  1668
229 2026-04-15 01:34:49  0.0  0.0  1668
230 2026-04-15 01:34:50  0.0  0.0  1668
231 2026-04-15 01:34:51  0.0  0.0  1668
232 2026-04-15 01:34:52  0.0  0.0  1668
233 2026-04-15 01:34:53  0.0  0.0  1668
234 2026-04-15 01:34:54  0.0  0.0  1668
235 2026-04-15 01:34:55  0.0  0.0  1668
236 2026-04-15 01:34:56  0.0  0.0  1668
237 2026-04-15 01:34:57  0.0  0.0  1668
238 2026-04-15 01:34:58  0.0  0.0  1668
239 2026-04-15 01:34:59  0.0  0.0  1668
240 2026-04-15 01:35:00  0.0  0.0  1668
241 2026-04-15 01:35:01  0.0  0.0  1668
242 2026-04-15 01:35:02  0.0  0.0  1668
243 2026-04-15 01:35:03  0.0  0.0  1668
245 2026-04-15 01:35:04  0.0  0.0  1668
246 2026-04-15 01:35:06  0.0  0.0  1668
247 2026-04-15 01:35:07  0.0  0.0  1668
248 2026-04-15 01:35:08  0.0  0.0  1668
249 2026-04-15 01:35:09  0.0  0.0  1668
250 2026-04-15 01:35:10  0.0  0.0  1668
251 2026-04-15 01:35:11  0.0  0.0  1668
252 2026-04-15 01:35:12  0.0  0.0  1668
253 2026-04-15 01:35:13  0.0  0.0  1668
254 2026-04-15 01:35:14  0.0  0.0  1668
255 2026-04-15 01:35:15  0.0  0.0  1668
256 2026-04-15 01:35:16  0.0  0.0  1668
257 2026-04-15 01:35:17  0.0  0.0  1668
258 2026-04-15 01:35:18  0.0  0.0  1668
259 2026-04-15 01:35:19  0.0  0.0  1668
260 2026-04-15 01:35:20  0.0  0.0  1668
261 2026-04-15 01:35:21  0.0  0.0  1668
262 2026-04-15 01:35:22  0.0  0.0  1668
263 2026-04-15 01:35:23  0.0  0.0  1668
264 2026-04-15 01:35:24  0.0  0.0  1668
265 2026-04-15 01:35:25  0.0  0.0  1668
266 2026-04-15 01:35:26  0.0  0.0  1668
267 2026-04-15 01:35:27  0.0  0.0  1668
269 2026-04-15 01:35:29  0.0  0.0  1668
270 2026-04-15 01:35:30  0.0  0.0  1668
271 2026-04-15 01:35:31  0.0  0.0  1668
272 2026-04-15 01:35:32  0.0  0.0  1668
273 2026-04-15 01:35:33  0.0  0.0  1668
274 2026-04-15 01:35:34  0.0  0.0  1668
275 2026-04-15 01:35:35  0.0  0.0  1668
276 2026-04-15 01:35:36  0.0  0.0  1668
277 2026-04-15 01:35:37  0.0  0.0  1668
278 2026-04-15 01:35:38  0.0  0.0  1668
279 2026-04-15 01:35:39  0.0  0.0  1668
280 2026-04-15 01:35:40  0.0  0.0  1668
281 2026-04-15 01:35:41  0.0  0.0  1668
282 2026-04-15 01:35:42  0.0  0.0  1668
283 2026-04-15 01:35:43  0.0  0.0  1668
284 2026-04-15 01:35:44  0.0  0.0  1668
285 2026-04-15 01:35:45  0.0  0.0  1668
286 2026-04-15 01:35:46  0.0  0.0  1668
287 2026-04-15 01:35:47  0.0  0.0  1668
288 2026-04-15 01:35:48  0.0  0.0  1668
289 2026-04-15 01:35:49  0.0  0.0  1668
290 2026-04-15 01:35:50  0.0  0.0  1668
291 2026-04-15 01:35:51  0.0  0.0  1668
292 2026-04-15 01:35:52  0.0  0.0  1668
293 2026-04-15 01:35:53  0.0  0.0  1668
294 2026-04-15 01:35:54  0.0  0.0  1668
295 2026-04-15 01:35:55  0.0  0.0  1668
296 2026-04-15 01:35:56  0.0  0.0  1668
297 2026-04-15 01:35:57  0.0  0.0  1668
298 2026-04-15 01:35:58  0.0  0.0  1668
299 2026-04-15 01:35:59  0.0  0.0  1668
300 2026-04-15 01:36:00  0.0  0.0  1668
301 2026-04-15 01:36:01  0.0  0.0  1668
302 2026-04-15 01:36:02  0.0  0.0  1668
303 2026-04-15 01:36:03  0.0  0.0  1668
304 2026-04-15 01:36:04  0.0  0.0  1668
305 2026-04-15 01:36:05  0.0  0.0  1668
306 2026-04-15 01:36:06  0.0  0.0  1668
307 2026-04-15 01:36:07  0.0  0.0  1668
308 2026-04-15 01:36:08  0.0  0.0  1668
309 2026-04-15 01:36:09  0.0  0.0  1668
310 2026-04-15 01:36:10  0.0  0.0  1668
311 2026-04-15 01:36:11  0.0  0.0  1668
312 2026-04-15 01:36:12  0.0  0.0  1668
313 2026-04-15 01:36:13  0.0  0.0  1668
315 2026-04-15 01:36:14  0.0  0.0  1668
316 2026-04-15 01:36:16  0.0  0.0  1668
317 2026-04-15 01:36:17  0.0  0.0  1668
318 2026-04-15 01:36:18  0.0  0.0  1668
319 2026-04-15 01:36:19  0.0  0.0  1668
320 2026-04-15 01:36:20  0.0  0.0  1668
321 2026-04-15 01:36:21  0.0  0.0  1668
322 2026-04-15 01:36:22  0.0  0.0  1668
323 2026-04-15 01:36:23  0.0  0.0  1668
324 2026-04-15 01:36:24  0.0  0.0  1668
325 2026-04-15 01:36:25  0.0  0.0  1668
326 2026-04-15 01:36:26  0.0  0.0  1668
327 2026-04-15 01:36:27  0.0  0.0  1668
328 2026-04-15 01:36:28  0.0  0.0  1668
329 2026-04-15 01:36:29  0.0  0.0  1668
330 2026-04-15 01:36:30  0.0  0.0  1668
331 2026-04-15 01:36:31  0.0  0.0  1668
332 2026-04-15 01:36:32  0.0  0.0  1668
333 2026-04-15 01:36:33  0.0  0.0  1668
334 2026-04-15 01:36:34  0.0  0.0  1668
335 2026-04-15 01:36:35  0.0  0.0  1668
336 2026-04-15 01:36:36  0.0  0.0  1668
337 2026-04-15 01:36:37  0.0  0.0  1668
338 2026-04-15 01:36:38  0.0  0.0  1668
339 2026-04-15 01:36:39  0.0  0.0  1668
340 2026-04-15 01:36:40  0.0  0.0  1668
341 2026-04-15 01:36:41  0.0  0.0  1668
342 2026-04-15 01:36:42  0.0  0.0  1668
343 2026-04-15 01:36:43  0.0  0.0  1668
344 2026-04-15 01:36:44  0.0  0.0  1668
345 2026-04-15 01:36:45  0.0  0.0  1668
346 2026-04-15 01:36:46  0.0  0.0  1668
348 2026-04-15 01:36:48  0.0  0.0  1668
349 2026-04-15 01:36:49  0.0  0.0  1668
350 2026-04-15 01:36:50  0.0  0.0  1668
351 2026-04-15 01:36:51  0.0  0.0  1668
352 2026-04-15 01:36:52  0.0  0.0  1668
353 2026-04-15 01:36:53  0.0  0.0  1668
354 2026-04-15 01:36:54  0.0  0.0  1668
355 2026-04-15 01:36:55  0.0  0.0  1668
356 2026-04-15 01:36:56  0.0  0.0  1668
357 2026-04-15 01:36:57  0.0  0.0  1668
358 2026-04-15 01:36:58  0.0  0.0  1668
359 2026-04-15 01:36:59  0.0  0.0  1668
360 2026-04-15 01:37:00  0.0  0.0  1668
361 2026-04-15 01:37:01  0.0  0.0  1668
362 2026-04-15 01:37:02  0.0  0.0  1668
363 2026-04-15 01:37:03  0.0  0.0  1668
364 2026-04-15 01:37:04  0.0  0.0  1668
365 2026-04-15 01:37:05  0.0  0.0  1668
366 2026-04-15 01:37:06  0.0  0.0  1668
368 2026-04-15 01:37:07  0.0  0.0  1668
369 2026-04-15 01:37:09  0.0  0.0  1668
370 2026-04-15 01:37:10  0.0  0.0  1668
