0 2026-04-15 00:45:43  0.0  0.0  1624
1 2026-04-15 00:45:44  0.0  0.0  1624
2 2026-04-15 00:45:45  0.0  0.0  1624
3 2026-04-15 00:45:46  0.0  0.0  1624
4 2026-04-15 00:45:47  0.0  0.0  1624
5 2026-04-15 00:45:48  0.0  0.0  1624
6 2026-04-15 00:45:49  0.0  0.0  1624
7 2026-04-15 00:45:50  0.0  0.0  1624
8 2026-04-15 00:45:51  0.0  0.0  1624
9 2026-04-15 00:45:52  0.0  0.0  1624
10 2026-04-15 00:45:53  0.0  0.0  1624
11 2026-04-15 00:45:54  0.0  0.0  1624
12 2026-04-15 00:45:55  0.0  0.0  1624
13 2026-04-15 00:45:56  0.0  0.0  1624
14 2026-04-15 00:45:57  0.0  0.0  1624
15 2026-04-15 00:45:58  0.0  0.0  1624
16 2026-04-15 00:45:59  0.0  0.0  1624
17 2026-04-15 00:46:00  0.0  0.0  1624
18 2026-04-15 00:46:01  0.0  0.0  1624
19 2026-04-15 00:46:02  0.0  0.0  1624
