0 2026-04-15 01:23:11  0.0  0.0  1680
1 2026-04-15 01:23:12  0.0  0.0  1680
2 2026-04-15 01:23:13  0.0  0.0  1680
3 2026-04-15 01:23:14  0.0  0.0  1680
4 2026-04-15 01:23:15  0.0  0.0  1680
5 2026-04-15 01:23:16  0.0  0.0  1680
6 2026-04-15 01:23:17  0.0  0.0  1680
7 2026-04-15 01:23:18  0.0  0.0  1680
8 2026-04-15 01:23:19  0.0  0.0  1680
9 2026-04-15 01:23:20  0.0  0.0  1680
10 2026-04-15 01:23:21  0.0  0.0  1680
11 2026-04-15 01:23:22  0.0  0.0  1680
13 2026-04-15 01:23:23  0.0  0.0  1680
14 2026-04-15 01:23:25  0.0  0.0  1680
15 2026-04-15 01:23:26  0.0  0.0  1680
16 2026-04-15 01:23:27  0.0  0.0  1680
17 2026-04-15 01:23:28  0.0  0.0  1680
18 2026-04-15 01:23:29  0.0  0.0  1680
19 2026-04-15 01:23:30  0.0  0.0  1680
20 2026-04-15 01:23:31  0.0  0.0  1680
