0 2026-04-15 01:00:25  0.0  0.0  1644
1 2026-04-15 01:00:26  0.0  0.0  1644
2 2026-04-15 01:00:27  0.0  0.0  1644
3 2026-04-15 01:00:28  0.0  0.0  1644
5 2026-04-15 01:00:29  0.0  0.0  1644
6 2026-04-15 01:00:31  0.0  0.0  1644
7 2026-04-15 01:00:32  0.0  0.0  1644
8 2026-04-15 01:00:33  0.0  0.0  1644
9 2026-04-15 01:00:34  0.0  0.0  1644
10 2026-04-15 01:00:35  0.0  0.0  1644
11 2026-04-15 01:00:36  0.0  0.0  1644
12 2026-04-15 01:00:37  0.0  0.0  1644
13 2026-04-15 01:00:38  0.0  0.0  1644
14 2026-04-15 01:00:39  0.0  0.0  1644
15 2026-04-15 01:00:40  0.0  0.0  1644
16 2026-04-15 01:00:41  0.0  0.0  1644
17 2026-04-15 01:00:42  0.0  0.0  1644
18 2026-04-15 01:00:43  0.0  0.0  1644
19 2026-04-15 01:00:44  0.0  0.0  1644
20 2026-04-15 01:00:45  0.0  0.0  1644
