0 2026-04-15 00:56:02  0.0  0.0  1696
1 2026-04-15 00:56:03  0.0  0.0  1696
2 2026-04-15 00:56:04  0.0  0.0  1696
3 2026-04-15 00:56:05  0.0  0.0  1696
4 2026-04-15 00:56:06  0.0  0.0  1696
5 2026-04-15 00:56:07  0.0  0.0  1696
6 2026-04-15 00:56:08  0.0  0.0  1696
7 2026-04-15 00:56:09  0.0  0.0  1696
8 2026-04-15 00:56:10  0.0  0.0  1696
9 2026-04-15 00:56:11  0.0  0.0  1696
11 2026-04-15 00:56:13  0.0  0.0  1696
12 2026-04-15 00:56:14  0.0  0.0  1696
13 2026-04-15 00:56:15  0.0  0.0  1696
14 2026-04-15 00:56:16  0.0  0.0  1696
15 2026-04-15 00:56:17  0.0  0.0  1696
16 2026-04-15 00:56:18  0.0  0.0  1696
17 2026-04-15 00:56:19  0.0  0.0  1696
18 2026-04-15 00:56:20  0.0  0.0  1696
19 2026-04-15 00:56:21  0.0  0.0  1696
20 2026-04-15 00:56:22  0.0  0.0  1696
