0 2026-04-15 00:29:54  0.0  0.0  1656
1 2026-04-15 00:29:55  0.0  0.0  1656
2 2026-04-15 00:29:56  0.0  0.0  1656
3 2026-04-15 00:29:57  0.0  0.0  1656
4 2026-04-15 00:29:58  0.0  0.0  1656
5 2026-04-15 00:29:59  0.0  0.0  1656
6 2026-04-15 00:30:00  0.0  0.0  1656
7 2026-04-15 00:30:01  0.0  0.0  1656
9 2026-04-15 00:30:02  0.0  0.0  1656
10 2026-04-15 00:30:04  0.0  0.0  1656
11 2026-04-15 00:30:05  0.0  0.0  1656
12 2026-04-15 00:30:06  0.0  0.0  1656
13 2026-04-15 00:30:07  0.0  0.0  1656
14 2026-04-15 00:30:08  0.0  0.0  1656
15 2026-04-15 00:30:09  0.0  0.0  1656
16 2026-04-15 00:30:10  0.0  0.0  1656
17 2026-04-15 00:30:11  0.0  0.0  1656
18 2026-04-15 00:30:12  0.0  0.0  1656
19 2026-04-15 00:30:13  0.0  0.0  1656
20 2026-04-15 00:30:14  0.0  0.0  1656
