0 2026-04-15 01:08:00  0.0  0.0  1696
1 2026-04-15 01:08:01  0.0  0.0  1696
2 2026-04-15 01:08:02  0.0  0.0  1696
3 2026-04-15 01:08:03  0.0  0.0  1696
4 2026-04-15 01:08:04  0.0  0.0  1696
5 2026-04-15 01:08:05  0.0  0.0  1696
6 2026-04-15 01:08:06  0.0  0.0  1696
7 2026-04-15 01:08:07  0.0  0.0  1696
8 2026-04-15 01:08:08  0.0  0.0  1696
9 2026-04-15 01:08:09  0.0  0.0  1696
10 2026-04-15 01:08:10  0.0  0.0  1696
11 2026-04-15 01:08:11  0.0  0.0  1696
12 2026-04-15 01:08:12  0.0  0.0  1696
13 2026-04-15 01:08:13  0.0  0.0  1696
14 2026-04-15 01:08:14  0.0  0.0  1696
15 2026-04-15 01:08:15  0.0  0.0  1696
16 2026-04-15 01:08:16  0.0  0.0  1696
17 2026-04-15 01:08:17  0.0  0.0  1696
18 2026-04-15 01:08:18  0.0  0.0  1696
19 2026-04-15 01:08:19  0.0  0.0  1696
